This file contains any messages produced by compilers while
running configure, to aid debugging if configure makes a mistake.

It was created by conquest configure 9, which was
generated by GNU Autoconf 2.71.  Invocation command line was

  $ ./configure --prefix=/conquest

## --------- ##
## Platform. ##
## --------- ##

hostname = MundoSangre
uname -m = x86_64
uname -r = 5.19.0-32-generic
uname -s = Linux
uname -v = #33~22.04.1-Ubuntu SMP PREEMPT_DYNAMIC Mon Jan 30 17:03:34 UTC 2

/usr/bin/uname -p = x86_64
/bin/uname -X     = unknown

/bin/arch              = x86_64
/usr/bin/arch -k       = unknown
/usr/convex/getsysinfo = unknown
/usr/bin/hostinfo      = unknown
/bin/machine           = unknown
/usr/bin/oslevel       = unknown
/bin/universe          = unknown

PATH: /usr/local/sbin/
PATH: /usr/local/bin/
PATH: /usr/sbin/
PATH: /usr/bin/
PATH: /sbin/
PATH: /bin/
PATH: /usr/games/
PATH: /usr/local/games/
PATH: /snap/bin/
PATH: /snap/bin/


## ----------- ##
## Core tests. ##
## ----------- ##

configure:2988: looking for aux files: compile ltmain.sh missing install-sh config.guess config.sub
configure:3001:  trying ./
configure:3030:   ./compile found
configure:3030:   ./ltmain.sh found
configure:3030:   ./missing found
configure:3012:   ./install-sh found
configure:3030:   ./config.guess found
configure:3030:   ./config.sub found
configure:3208: checking build system type
configure:3223: result: x86_64-pc-linux-gnu
configure:3243: checking host system type
configure:3257: result: x86_64-pc-linux-gnu
configure:3277: checking target system type
configure:3291: result: x86_64-pc-linux-gnu
configure:3318: checking system type
configure:3330: result: Linux
configure:3480: checking for a BSD-compatible install
configure:3553: result: /usr/bin/install -c
configure:3564: checking whether build environment is sane
configure:3619: result: yes
configure:3778: checking for a race-free mkdir -p
configure:3822: result: /usr/bin/mkdir -p
configure:3829: checking for gawk
configure:3864: result: no
configure:3829: checking for mawk
configure:3850: found /usr/bin/mawk
configure:3861: result: mawk
configure:3872: checking whether make sets $(MAKE)
configure:3895: result: yes
configure:3925: checking whether make supports nested variables
configure:3943: result: yes
configure:4126: checking how to print strings
configure:4153: result: printf
configure:4187: checking whether make supports the include directive
configure:4202: make -f confmf.GNU && cat confinc.out
this is the am__doit target
configure:4205: $? = 0
configure:4224: result: yes (GNU style)
configure:4300: checking for gcc
configure:4321: found /usr/bin/gcc
configure:4332: result: gcc
configure:4685: checking for C compiler version
configure:4694: gcc --version >&5
gcc (Ubuntu 11.3.0-1ubuntu1~22.04) 11.3.0
Copyright (C) 2021 Free Software Foundation, Inc.
This is free software; see the source for copying conditions.  There is NO
warranty; not even for MERCHANTABILITY or FITNESS FOR A PARTICULAR PURPOSE.

configure:4705: $? = 0
configure:4694: gcc -v >&5
Using built-in specs.
COLLECT_GCC=gcc
COLLECT_LTO_WRAPPER=/usr/lib/gcc/x86_64-linux-gnu/11/lto-wrapper
OFFLOAD_TARGET_NAMES=nvptx-none:amdgcn-amdhsa
OFFLOAD_TARGET_DEFAULT=1
Target: x86_64-linux-gnu
Configured with: ../src/configure -v --with-pkgversion='Ubuntu 11.3.0-1ubuntu1~22.04' --with-bugurl=file:///usr/share/doc/gcc-11/README.Bugs --enable-languages=c,ada,c++,go,brig,d,fortran,objc,obj-c++,m2 --prefix=/usr --with-gcc-major-version-only --program-suffix=-11 --program-prefix=x86_64-linux-gnu- --enable-shared --enable-linker-build-id --libexecdir=/usr/lib --without-included-gettext --enable-threads=posix --libdir=/usr/lib --enable-nls --enable-bootstrap --enable-clocale=gnu --enable-libstdcxx-debug --enable-libstdcxx-time=yes --with-default-libstdcxx-abi=new --enable-gnu-unique-object --disable-vtable-verify --enable-plugin --enable-default-pie --with-system-zlib --enable-libphobos-checking=release --with-target-system-zlib=auto --enable-objc-gc=auto --enable-multiarch --disable-werror --enable-cet --with-arch-32=i686 --with-abi=m64 --with-multilib-list=m32,m64,mx32 --enable-multilib --with-tune=generic --enable-offload-targets=nvptx-none=/build/gcc-11-xKiWfi/gcc-11-11.3.0/debian/tmp-nvptx/usr,amdgcn-amdhsa=/build/gcc-11-xKiWfi/gcc-11-11.3.0/debian/tmp-gcn/usr --without-cuda-driver --enable-checking=release --build=x86_64-linux-gnu --host=x86_64-linux-gnu --target=x86_64-linux-gnu --with-build-config=bootstrap-lto-lean --enable-link-serialization=2
Thread model: posix
Supported LTO compression algorithms: zlib zstd
gcc version 11.3.0 (Ubuntu 11.3.0-1ubuntu1~22.04) 
... rest of stderr output deleted ...
configure:4705: $? = 0
configure:4694: gcc -V >&5
gcc: error: unrecognized command-line option '-V'
gcc: fatal error: no input files
compilation terminated.
configure:4705: $? = 1
configure:4694: gcc -qversion >&5
gcc: error: unrecognized command-line option '-qversion'; did you mean '--version'?
gcc: fatal error: no input files
compilation terminated.
configure:4705: $? = 1
configure:4694: gcc -version >&5
gcc: error: unrecognized command-line option '-version'
gcc: fatal error: no input files
compilation terminated.
configure:4705: $? = 1
configure:4725: checking whether the C compiler works
configure:4747: gcc    conftest.c  >&5
configure:4751: $? = 0
configure:4801: result: yes
configure:4804: checking for C compiler default output file name
configure:4806: result: a.out
configure:4812: checking for suffix of executables
configure:4819: gcc -o conftest    conftest.c  >&5
configure:4823: $? = 0
configure:4846: result: 
configure:4868: checking whether we are cross compiling
configure:4876: gcc -o conftest    conftest.c  >&5
configure:4880: $? = 0
configure:4887: ./conftest
configure:4891: $? = 0
configure:4906: result: no
configure:4911: checking for suffix of object files
configure:4934: gcc -c   conftest.c >&5
configure:4938: $? = 0
configure:4960: result: o
configure:4964: checking whether the compiler supports GNU C
configure:4984: gcc -c   conftest.c >&5
configure:4984: $? = 0
configure:4994: result: yes
configure:5005: checking whether gcc accepts -g
configure:5026: gcc -c -g  conftest.c >&5
configure:5026: $? = 0
configure:5070: result: yes
configure:5090: checking for gcc option to enable C11 features
configure:5105: gcc  -c -g -O2  conftest.c >&5
configure:5105: $? = 0
configure:5123: result: none needed
configure:5239: checking whether gcc understands -c and -o together
configure:5262: gcc -c conftest.c -o conftest2.o
configure:5265: $? = 0
configure:5262: gcc -c conftest.c -o conftest2.o
configure:5265: $? = 0
configure:5277: result: yes
configure:5296: checking dependency style of gcc
configure:5408: result: gcc3
configure:5423: checking for a sed that does not truncate output
configure:5493: result: /usr/bin/sed
configure:5511: checking for grep that handles long lines and -e
configure:5575: result: /usr/bin/grep
configure:5580: checking for egrep
configure:5648: result: /usr/bin/grep -E
configure:5653: checking for fgrep
configure:5721: result: /usr/bin/grep -F
configure:5757: checking for ld used by gcc
configure:5825: result: /usr/bin/ld
configure:5832: checking if the linker (/usr/bin/ld) is GNU ld
configure:5848: result: yes
configure:5860: checking for BSD- or MS-compatible name lister (nm)
configure:5915: result: /usr/bin/nm -B
configure:6055: checking the name lister (/usr/bin/nm -B) interface
configure:6063:  -c   conftest.cpp >&5
./configure: line 6064: -c: command not found
configure:6066: /usr/bin/nm -B "conftest.o"
/usr/bin/nm: 'conftest.o': No such file
configure:6069: output
configure:6076: result: BSD nm
configure:6079: checking whether ln -s works
configure:6083: result: yes
configure:6091: checking the maximum length of command line arguments
configure:6223: result: 1572864
configure:6271: checking how to convert x86_64-pc-linux-gnu file names to x86_64-pc-linux-gnu format
configure:6312: result: func_convert_file_noop
configure:6319: checking how to convert x86_64-pc-linux-gnu file names to toolchain format
configure:6340: result: func_convert_file_noop
configure:6347: checking for /usr/bin/ld option to reload object files
configure:6355: result: -r
configure:6434: checking for objdump
configure:6455: found /usr/bin/objdump
configure:6466: result: objdump
configure:6498: checking how to recognize dependent libraries
configure:6699: result: pass_all
configure:6789: checking for dlltool
configure:6824: result: no
configure:6854: checking how to associate runtime and link libraries
configure:6882: result: printf %s\n
configure:6962: checking for g++
configure:6983: found /usr/bin/g++
configure:6994: result: g++
configure:7021: checking for C++ compiler version
configure:7030: g++ --version >&5
g++ (Ubuntu 11.3.0-1ubuntu1~22.04) 11.3.0
Copyright (C) 2021 Free Software Foundation, Inc.
This is free software; see the source for copying conditions.  There is NO
warranty; not even for MERCHANTABILITY or FITNESS FOR A PARTICULAR PURPOSE.

configure:7041: $? = 0
configure:7030: g++ -v >&5
Using built-in specs.
COLLECT_GCC=g++
COLLECT_LTO_WRAPPER=/usr/lib/gcc/x86_64-linux-gnu/11/lto-wrapper
OFFLOAD_TARGET_NAMES=nvptx-none:amdgcn-amdhsa
OFFLOAD_TARGET_DEFAULT=1
Target: x86_64-linux-gnu
Configured with: ../src/configure -v --with-pkgversion='Ubuntu 11.3.0-1ubuntu1~22.04' --with-bugurl=file:///usr/share/doc/gcc-11/README.Bugs --enable-languages=c,ada,c++,go,brig,d,fortran,objc,obj-c++,m2 --prefix=/usr --with-gcc-major-version-only --program-suffix=-11 --program-prefix=x86_64-linux-gnu- --enable-shared --enable-linker-build-id --libexecdir=/usr/lib --without-included-gettext --enable-threads=posix --libdir=/usr/lib --enable-nls --enable-bootstrap --enable-clocale=gnu --enable-libstdcxx-debug --enable-libstdcxx-time=yes --with-default-libstdcxx-abi=new --enable-gnu-unique-object --disable-vtable-verify --enable-plugin --enable-default-pie --with-system-zlib --enable-libphobos-checking=release --with-target-system-zlib=auto --enable-objc-gc=auto --enable-multiarch --disable-werror --enable-cet --with-arch-32=i686 --with-abi=m64 --with-multilib-list=m32,m64,mx32 --enable-multilib --with-tune=generic --enable-offload-targets=nvptx-none=/build/gcc-11-xKiWfi/gcc-11-11.3.0/debian/tmp-nvptx/usr,amdgcn-amdhsa=/build/gcc-11-xKiWfi/gcc-11-11.3.0/debian/tmp-gcn/usr --without-cuda-driver --enable-checking=release --build=x86_64-linux-gnu --host=x86_64-linux-gnu --target=x86_64-linux-gnu --with-build-config=bootstrap-lto-lean --enable-link-serialization=2
Thread model: posix
Supported LTO compression algorithms: zlib zstd
gcc version 11.3.0 (Ubuntu 11.3.0-1ubuntu1~22.04) 
... rest of stderr output deleted ...
configure:7041: $? = 0
configure:7030: g++ -V >&5
g++: error: unrecognized command-line option '-V'
g++: fatal error: no input files
compilation terminated.
configure:7041: $? = 1
configure:7030: g++ -qversion >&5
g++: error: unrecognized command-line option '-qversion'; did you mean '--version'?
g++: fatal error: no input files
compilation terminated.
configure:7041: $? = 1
configure:7045: checking whether the compiler supports GNU C++
configure:7065: g++ -c   conftest.cpp >&5
configure:7065: $? = 0
configure:7075: result: yes
configure:7086: checking whether g++ accepts -g
configure:7107: g++ -c -g  conftest.cpp >&5
configure:7107: $? = 0
configure:7151: result: yes
configure:7171: checking for g++ option to enable C++11 features
configure:7186: g++  -c -g -O2  conftest.cpp >&5
conftest.cpp: In function 'int main(int, char**)':
conftest.cpp:178:25: warning: empty parentheses were disambiguated as a function declaration [-Wvexing-parse]
  178 |   cxx11test::delegate d2();
      |                         ^~
conftest.cpp:178:25: note: remove parentheses to default-initialize a variable
  178 |   cxx11test::delegate d2();
      |                         ^~
      |                         --
conftest.cpp:178:25: note: or replace parentheses with braces to value-initialize a variable
configure:7186: $? = 0
configure:7204: result: none needed
configure:7270: checking dependency style of g++
configure:7382: result: gcc3
configure:7452: checking for ar
configure:7473: found /usr/bin/ar
configure:7484: result: ar
configure:7521: checking for archiver @FILE support
configure:7539: g++ -c -g -O2  conftest.cpp >&5
configure:7539: $? = 0
configure:7543: ar cr libconftest.a @conftest.lst >&5
configure:7546: $? = 0
configure:7551: ar cr libconftest.a @conftest.lst >&5
ar: conftest.o: No such file or directory
configure:7554: $? = 1
configure:7566: result: @
configure:7629: checking for strip
configure:7650: found /usr/bin/strip
configure:7661: result: strip
configure:7738: checking for ranlib
configure:7759: found /usr/bin/ranlib
configure:7770: result: ranlib
configure:7872: checking command to parse /usr/bin/nm -B output from gcc object
configure:8026: g++ -c -g -O2  conftest.cpp >&5
configure:8029: $? = 0
configure:8033: /usr/bin/nm -B conftest.o | sed -n -e 's/^.*[	 ]\([ABCDGIRSTW][ABCDGIRSTW]*\)[	 ][	 ]*\([_A-Za-z][_A-Za-z0-9]*\)$/\1 \2 \2/p' | sed '/ __gnu_lto/d' > conftest.nm
configure:8099: g++ -o conftest -g -O2   conftest.cpp conftstm.o >&5
configure:8102: $? = 0
configure:8140: result: ok
configure:8187: checking for sysroot
configure:8218: result: no
configure:8225: checking for a working dd
configure:8269: result: /usr/bin/dd
configure:8273: checking how to truncate binary pipes
configure:8289: result: /usr/bin/dd bs=4096 count=1
configure:8427: g++ -c -g -O2  conftest.cpp >&5
configure:8430: $? = 0
configure:8627: checking for mt
configure:8648: found /usr/bin/mt
configure:8659: result: mt
configure:8682: checking if mt is a manifest tool
configure:8689: mt '-?'
configure:8697: result: no
configure:9427: checking for stdio.h
configure:9427: g++ -c -g -O2  conftest.cpp >&5
configure:9427: $? = 0
configure:9427: result: yes
configure:9427: checking for stdlib.h
configure:9427: g++ -c -g -O2  conftest.cpp >&5
configure:9427: $? = 0
configure:9427: result: yes
configure:9427: checking for string.h
configure:9427: g++ -c -g -O2  conftest.cpp >&5
configure:9427: $? = 0
configure:9427: result: yes
configure:9427: checking for inttypes.h
configure:9427: g++ -c -g -O2  conftest.cpp >&5
configure:9427: $? = 0
configure:9427: result: yes
configure:9427: checking for stdint.h
configure:9427: g++ -c -g -O2  conftest.cpp >&5
configure:9427: $? = 0
configure:9427: result: yes
configure:9427: checking for strings.h
configure:9427: g++ -c -g -O2  conftest.cpp >&5
configure:9427: $? = 0
configure:9427: result: yes
configure:9427: checking for sys/stat.h
configure:9427: g++ -c -g -O2  conftest.cpp >&5
configure:9427: $? = 0
configure:9427: result: yes
configure:9427: checking for sys/types.h
configure:9427: g++ -c -g -O2  conftest.cpp >&5
configure:9427: $? = 0
configure:9427: result: yes
configure:9427: checking for unistd.h
configure:9427: g++ -c -g -O2  conftest.cpp >&5
configure:9427: $? = 0
configure:9427: result: yes
configure:9452: checking for dlfcn.h
configure:9452: g++ -c -g -O2  conftest.cpp >&5
configure:9452: $? = 0
configure:9452: result: yes
configure:9690: checking for objdir
configure:9706: result: .libs
configure:9970: checking if gcc supports -fno-rtti -fno-exceptions
configure:9989: gcc -c -g -O2  -fno-rtti -fno-exceptions conftest.c >&5
cc1: warning: command-line option '-fno-rtti' is valid for C++/D/ObjC++ but not for C
configure:9993: $? = 0
configure:10006: result: no
configure:10370: checking for gcc option to produce PIC
configure:10378: result: -fPIC -DPIC
configure:10386: checking if gcc PIC flag -fPIC -DPIC works
configure:10405: gcc -c -g -O2  -fPIC -DPIC -DPIC conftest.c >&5
configure:10409: $? = 0
configure:10422: result: yes
configure:10451: checking if gcc static flag -static works
configure:10480: result: yes
configure:10495: checking if gcc supports -c -o file.o
configure:10517: gcc -c -g -O2  -o out/conftest2.o conftest.c >&5
configure:10521: $? = 0
configure:10543: result: yes
configure:10551: checking if gcc supports -c -o file.o
configure:10599: result: yes
configure:10632: checking whether the gcc linker (/usr/bin/ld -m elf_x86_64) supports shared libraries
configure:11902: result: yes
configure:12143: checking dynamic linker characteristics
configure:12725: gcc -o conftest -g -O2   -Wl,-rpath -Wl,/foo conftest.c  >&5
configure:12725: $? = 0
configure:12976: result: GNU/Linux ld.so
configure:13098: checking how to hardcode library paths into programs
configure:13123: result: immediate
configure:13675: checking whether stripping libraries is possible
configure:13680: result: yes
configure:13715: checking if libtool supports shared libraries
configure:13717: result: yes
configure:13720: checking whether to build shared libraries
configure:13745: result: no
configure:13748: checking whether to build static libraries
configure:13752: result: yes
configure:13775: checking how to run the C++ preprocessor
configure:13797: g++ -E  conftest.cpp
configure:13797: $? = 0
configure:13812: g++ -E  conftest.cpp
conftest.cpp:24:10: fatal error: ac_nonexistent.h: No such file or directory
   24 | #include <ac_nonexistent.h>
      |          ^~~~~~~~~~~~~~~~~~
compilation terminated.
configure:13812: $? = 1
configure: failed program was:
| /* confdefs.h */
| #define PACKAGE_NAME "conquest"
| #define PACKAGE_TARNAME "conquest"
| #define PACKAGE_VERSION "9"
| #define PACKAGE_STRING "conquest 9"
| #define PACKAGE_BUGREPORT "jon@radscan.com"
| #define PACKAGE_URL ""
| #define LINUX 1
| #define PACKAGE "conquest"
| #define VERSION "9"
| #define HAVE_STDIO_H 1
| #define HAVE_STDLIB_H 1
| #define HAVE_STRING_H 1
| #define HAVE_INTTYPES_H 1
| #define HAVE_STDINT_H 1
| #define HAVE_STRINGS_H 1
| #define HAVE_SYS_STAT_H 1
| #define HAVE_SYS_TYPES_H 1
| #define HAVE_UNISTD_H 1
| #define STDC_HEADERS 1
| #define HAVE_DLFCN_H 1
| #define LT_OBJDIR ".libs/"
| /* end confdefs.h.  */
| #include <ac_nonexistent.h>
configure:13839: result: g++ -E
configure:13853: g++ -E  conftest.cpp
configure:13853: $? = 0
configure:13868: g++ -E  conftest.cpp
conftest.cpp:24:10: fatal error: ac_nonexistent.h: No such file or directory
   24 | #include <ac_nonexistent.h>
      |          ^~~~~~~~~~~~~~~~~~
compilation terminated.
configure:13868: $? = 1
configure: failed program was:
| /* confdefs.h */
| #define PACKAGE_NAME "conquest"
| #define PACKAGE_TARNAME "conquest"
| #define PACKAGE_VERSION "9"
| #define PACKAGE_STRING "conquest 9"
| #define PACKAGE_BUGREPORT "jon@radscan.com"
| #define PACKAGE_URL ""
| #define LINUX 1
| #define PACKAGE "conquest"
| #define VERSION "9"
| #define HAVE_STDIO_H 1
| #define HAVE_STDLIB_H 1
| #define HAVE_STRING_H 1
| #define HAVE_INTTYPES_H 1
| #define HAVE_STDINT_H 1
| #define HAVE_STRINGS_H 1
| #define HAVE_SYS_STAT_H 1
| #define HAVE_SYS_TYPES_H 1
| #define HAVE_UNISTD_H 1
| #define STDC_HEADERS 1
| #define HAVE_DLFCN_H 1
| #define LT_OBJDIR ".libs/"
| /* end confdefs.h.  */
| #include <ac_nonexistent.h>
configure:14033: checking for ld used by g++
configure:14101: result: /usr/bin/ld -m elf_x86_64
configure:14108: checking if the linker (/usr/bin/ld -m elf_x86_64) is GNU ld
configure:14124: result: yes
configure:14179: checking whether the g++ linker (/usr/bin/ld -m elf_x86_64) supports shared libraries
configure:15256: result: yes
configure:15292: g++ -c -g -O2  conftest.cpp >&5
configure:15295: $? = 0
configure:15776: checking for g++ option to produce PIC
configure:15784: result: -fPIC -DPIC
configure:15792: checking if g++ PIC flag -fPIC -DPIC works
configure:15811: g++ -c -g -O2  -fPIC -DPIC -DPIC conftest.cpp >&5
configure:15815: $? = 0
configure:15828: result: yes
configure:15851: checking if g++ static flag -static works
configure:15880: result: yes
configure:15892: checking if g++ supports -c -o file.o
configure:15914: g++ -c -g -O2  -o out/conftest2.o conftest.cpp >&5
configure:15918: $? = 0
configure:15940: result: yes
configure:15945: checking if g++ supports -c -o file.o
configure:15993: result: yes
configure:16023: checking whether the g++ linker (/usr/bin/ld -m elf_x86_64) supports shared libraries
configure:16066: result: yes
configure:16208: checking dynamic linker characteristics
configure:16968: result: GNU/Linux ld.so
configure:17033: checking how to hardcode library paths into programs
configure:17058: result: immediate
configure:17123: checking for bison
configure:17144: found /usr/bin/bison
configure:17155: result: bison -y
configure:17171: checking for flex
configure:17192: found /usr/bin/flex
configure:17203: result: flex
configure:17252: checking for lex output file root
configure:17265: flex conftest.l
configure:17269: $? = 0
configure:17277: result: lex.yy
configure:17292: checking for lex library
configure:17317: g++ -o conftest -g -O2   conftest.cpp  >&5
configure:17317: $? = 0
configure:17330: result: none needed
configure:17345: checking for library containing yywrap
configure:17374: g++ -o conftest -g -O2   conftest.cpp  >&5
/usr/bin/ld: /tmp/ccTu0bdb.o: in function `main':
/home/marisag/Documents/MySnaps/conquest/Conquest/conftest.cpp:31: undefined reference to `yywrap'
collect2: error: ld returned 1 exit status
configure:17374: $? = 1
configure: failed program was:
| /* confdefs.h */
| #define PACKAGE_NAME "conquest"
| #define PACKAGE_TARNAME "conquest"
| #define PACKAGE_VERSION "9"
| #define PACKAGE_STRING "conquest 9"
| #define PACKAGE_BUGREPORT "jon@radscan.com"
| #define PACKAGE_URL ""
| #define LINUX 1
| #define PACKAGE "conquest"
| #define VERSION "9"
| #define HAVE_STDIO_H 1
| #define HAVE_STDLIB_H 1
| #define HAVE_STRING_H 1
| #define HAVE_INTTYPES_H 1
| #define HAVE_STDINT_H 1
| #define HAVE_STRINGS_H 1
| #define HAVE_SYS_STAT_H 1
| #define HAVE_SYS_TYPES_H 1
| #define HAVE_UNISTD_H 1
| #define STDC_HEADERS 1
| #define HAVE_DLFCN_H 1
| #define LT_OBJDIR ".libs/"
| /* end confdefs.h.  */
| 
| namespace conftest {
|   extern "C" int yywrap ();
| }
| int
| main (void)
| {
| return conftest::yywrap ();
|   ;
|   return 0;
| }
configure:17374: g++ -o conftest -g -O2   conftest.cpp -lfl   >&5
/usr/bin/ld: /usr/lib/gcc/x86_64-linux-gnu/11/../../../x86_64-linux-gnu/libfl.so: undefined reference to `yylex'
collect2: error: ld returned 1 exit status
configure:17374: $? = 1
configure: failed program was:
| /* confdefs.h */
| #define PACKAGE_NAME "conquest"
| #define PACKAGE_TARNAME "conquest"
| #define PACKAGE_VERSION "9"
| #define PACKAGE_STRING "conquest 9"
| #define PACKAGE_BUGREPORT "jon@radscan.com"
| #define PACKAGE_URL ""
| #define LINUX 1
| #define PACKAGE "conquest"
| #define VERSION "9"
| #define HAVE_STDIO_H 1
| #define HAVE_STDLIB_H 1
| #define HAVE_STRING_H 1
| #define HAVE_INTTYPES_H 1
| #define HAVE_STDINT_H 1
| #define HAVE_STRINGS_H 1
| #define HAVE_SYS_STAT_H 1
| #define HAVE_SYS_TYPES_H 1
| #define HAVE_UNISTD_H 1
| #define STDC_HEADERS 1
| #define HAVE_DLFCN_H 1
| #define LT_OBJDIR ".libs/"
| /* end confdefs.h.  */
| 
| namespace conftest {
|   extern "C" int yywrap ();
| }
| int
| main (void)
| {
| return conftest::yywrap ();
|   ;
|   return 0;
| }
configure:17374: g++ -o conftest -g -O2   conftest.cpp -ll   >&5
configure:17374: $? = 0
configure:17394: result: -ll
configure:17410: checking whether yytext is a pointer
configure:17426: g++ -c -g -O2  conftest.cpp >&5
configure:17426: $? = 0
configure:17433: result: yes
configure:17451: checking for X
configure:17489: g++ -o conftest -g -O2   conftest.cpp -lX11  >&5
configure:17489: $? = 0
configure:17676: result: libraries , headers 
configure:17773: g++ -o conftest -g -O2   conftest.cpp   -lX11 >&5
configure:17773: $? = 0
configure:17870: checking for gethostbyname
configure:17870: g++ -o conftest -g -O2   conftest.cpp  >&5
configure:17870: $? = 0
configure:17870: result: yes
configure:17966: checking for connect
configure:17966: g++ -o conftest -g -O2   conftest.cpp  >&5
configure:17966: $? = 0
configure:17966: result: yes
configure:18015: checking for remove
configure:18015: g++ -o conftest -g -O2   conftest.cpp  >&5
configure:18015: $? = 0
configure:18015: result: yes
configure:18064: checking for shmat
configure:18064: g++ -o conftest -g -O2   conftest.cpp  >&5
configure:18064: $? = 0
configure:18064: result: yes
configure:18122: checking for IceConnectionNumber in -lICE
configure:18144: g++ -o conftest -g -O2   conftest.cpp -lICE   >&5
configure:18144: $? = 0
configure:18154: result: yes
configure:18289: checking for C++ compiler version
configure:18298: g++ --version >&5
g++ (Ubuntu 11.3.0-1ubuntu1~22.04) 11.3.0
Copyright (C) 2021 Free Software Foundation, Inc.
This is free software; see the source for copying conditions.  There is NO
warranty; not even for MERCHANTABILITY or FITNESS FOR A PARTICULAR PURPOSE.

configure:18309: $? = 0
configure:18298: g++ -v >&5
Using built-in specs.
COLLECT_GCC=g++
COLLECT_LTO_WRAPPER=/usr/lib/gcc/x86_64-linux-gnu/11/lto-wrapper
OFFLOAD_TARGET_NAMES=nvptx-none:amdgcn-amdhsa
OFFLOAD_TARGET_DEFAULT=1
Target: x86_64-linux-gnu
Configured with: ../src/configure -v --with-pkgversion='Ubuntu 11.3.0-1ubuntu1~22.04' --with-bugurl=file:///usr/share/doc/gcc-11/README.Bugs --enable-languages=c,ada,c++,go,brig,d,fortran,objc,obj-c++,m2 --prefix=/usr --with-gcc-major-version-only --program-suffix=-11 --program-prefix=x86_64-linux-gnu- --enable-shared --enable-linker-build-id --libexecdir=/usr/lib --without-included-gettext --enable-threads=posix --libdir=/usr/lib --enable-nls --enable-bootstrap --enable-clocale=gnu --enable-libstdcxx-debug --enable-libstdcxx-time=yes --with-default-libstdcxx-abi=new --enable-gnu-unique-object --disable-vtable-verify --enable-plugin --enable-default-pie --with-system-zlib --enable-libphobos-checking=release --with-target-system-zlib=auto --enable-objc-gc=auto --enable-multiarch --disable-werror --enable-cet --with-arch-32=i686 --with-abi=m64 --with-multilib-list=m32,m64,mx32 --enable-multilib --with-tune=generic --enable-offload-targets=nvptx-none=/build/gcc-11-xKiWfi/gcc-11-11.3.0/debian/tmp-nvptx/usr,amdgcn-amdhsa=/build/gcc-11-xKiWfi/gcc-11-11.3.0/debian/tmp-gcn/usr --without-cuda-driver --enable-checking=release --build=x86_64-linux-gnu --host=x86_64-linux-gnu --target=x86_64-linux-gnu --with-build-config=bootstrap-lto-lean --enable-link-serialization=2
Thread model: posix
Supported LTO compression algorithms: zlib zstd
gcc version 11.3.0 (Ubuntu 11.3.0-1ubuntu1~22.04) 
... rest of stderr output deleted ...
configure:18309: $? = 0
configure:18298: g++ -V >&5
g++: error: unrecognized command-line option '-V'
g++: fatal error: no input files
compilation terminated.
configure:18309: $? = 1
configure:18298: g++ -qversion >&5
g++: error: unrecognized command-line option '-qversion'; did you mean '--version'?
g++: fatal error: no input files
compilation terminated.
configure:18309: $? = 1
configure:18313: checking whether the compiler supports GNU C++
configure:18343: result: yes
configure:18354: checking whether g++ accepts -g
configure:18419: result: yes
configure:18439: checking for g++ option to enable C++11 features
configure:18472: result: none needed
configure:18538: checking dependency style of g++
configure:18650: result: gcc3
configure:18677: checking if g++ supports -Wno-format-overflow
configure:18698: g++ -c -Werror -Wno-format-overflow  conftest.cpp >&5
configure:18698: $? = 0
configure:18706: result: yes
configure:18720: checking if g++ supports -Wno-format-truncation
configure:18741: g++ -c -Werror -Wno-format-truncation  conftest.cpp >&5
configure:18741: $? = 0
configure:18749: result: yes
configure:18764: checking if g++ supports -Wno-deprecated-declarations
configure:18785: g++ -c -Werror -Wno-deprecated-declarations  conftest.cpp >&5
configure:18785: $? = 0
configure:18793: result: yes
configure:18807: checking if g++ supports -fno-strict-aliasing
configure:18828: g++ -c -Werror -fno-strict-aliasing  conftest.cpp >&5
configure:18828: $? = 0
configure:18836: result: yes
configure:18856: checking whether make sets $(MAKE)
configure:18879: result: yes
configure:18890: checking for main in -lm
configure:18912: g++ -o conftest -g -O2 -Wno-format-overflow -Wno-format-truncation -Wno-deprecated-declarations -fno-strict-aliasing   conftest.cpp -lm   >&5
configure:18912: $? = 0
configure:18922: result: yes
configure:18934: checking for initscr in -lcurses
configure:18956: g++ -o conftest -g -O2 -Wno-format-overflow -Wno-format-truncation -Wno-deprecated-declarations -fno-strict-aliasing   conftest.cpp -lcurses  -lm  >&5
configure:18956: $? = 0
configure:18966: result: yes
configure:19018: checking for crypt in -lcrypt
configure:19040: g++ -o conftest -g -O2 -Wno-format-overflow -Wno-format-truncation -Wno-deprecated-declarations -fno-strict-aliasing   conftest.cpp -lcrypt  -lcurses -lm  >&5
configure:19040: $? = 0
configure:19050: result: yes
configure:19059: checking for crypt in -lgen
configure:19081: g++ -o conftest -g -O2 -Wno-format-overflow -Wno-format-truncation -Wno-deprecated-declarations -fno-strict-aliasing   conftest.cpp -lgen  -lcurses -lm  -lcrypt >&5
/usr/bin/ld: cannot find -lgen: No such file or directory
collect2: error: ld returned 1 exit status
configure:19081: $? = 1
configure: failed program was:
| /* confdefs.h */
| #define PACKAGE_NAME "conquest"
| #define PACKAGE_TARNAME "conquest"
| #define PACKAGE_VERSION "9"
| #define PACKAGE_STRING "conquest 9"
| #define PACKAGE_BUGREPORT "jon@radscan.com"
| #define PACKAGE_URL ""
| #define LINUX 1
| #define PACKAGE "conquest"
| #define VERSION "9"
| #define HAVE_STDIO_H 1
| #define HAVE_STDLIB_H 1
| #define HAVE_STRING_H 1
| #define HAVE_INTTYPES_H 1
| #define HAVE_STDINT_H 1
| #define HAVE_STRINGS_H 1
| #define HAVE_SYS_STAT_H 1
| #define HAVE_SYS_TYPES_H 1
| #define HAVE_UNISTD_H 1
| #define STDC_HEADERS 1
| #define HAVE_DLFCN_H 1
| #define LT_OBJDIR ".libs/"
| #define YYTEXT_POINTER 1
| #define HAVE_LIBM 1
| /* end confdefs.h.  */
| 
| namespace conftest {
|   extern "C" int crypt ();
| }
| int
| main (void)
| {
| return conftest::crypt ();
|   ;
|   return 0;
| }
configure:19091: result: no
configure:19100: checking for gzread in -lz
configure:19122: g++ -o conftest -g -O2 -Wno-format-overflow -Wno-format-truncation -Wno-deprecated-declarations -fno-strict-aliasing   conftest.cpp -lz  -lcurses -lm  -lcrypt >&5
configure:19122: $? = 0
configure:19132: result: yes
configure:19146: checking for egrep
configure:19214: result: /usr/bin/grep -E
configure:19220: checking for fcntl.h
configure:19220: g++ -c -g -O2 -Wno-format-overflow -Wno-format-truncation -Wno-deprecated-declarations -fno-strict-aliasing  conftest.cpp >&5
configure:19220: $? = 0
configure:19220: result: yes
configure:19226: checking for limits.h
configure:19226: g++ -c -g -O2 -Wno-format-overflow -Wno-format-truncation -Wno-deprecated-declarations -fno-strict-aliasing  conftest.cpp >&5
configure:19226: $? = 0
configure:19226: result: yes
configure:19232: checking for sys/ioctl.h
configure:19232: g++ -c -g -O2 -Wno-format-overflow -Wno-format-truncation -Wno-deprecated-declarations -fno-strict-aliasing  conftest.cpp >&5
configure:19232: $? = 0
configure:19232: result: yes
configure:19238: checking for sys/times.h
configure:19238: g++ -c -g -O2 -Wno-format-overflow -Wno-format-truncation -Wno-deprecated-declarations -fno-strict-aliasing  conftest.cpp >&5
configure:19238: $? = 0
configure:19238: result: yes
configure:19244: checking for termio.h
configure:19244: g++ -c -g -O2 -Wno-format-overflow -Wno-format-truncation -Wno-deprecated-declarations -fno-strict-aliasing  conftest.cpp >&5
configure:19244: $? = 0
configure:19244: result: yes
configure:19250: checking for unistd.h
configure:19250: result: yes
configure:19257: checking for ncurses.h
configure:19257: g++ -c -g -O2 -Wno-format-overflow -Wno-format-truncation -Wno-deprecated-declarations -fno-strict-aliasing  conftest.cpp >&5
configure:19257: $? = 0
configure:19257: result: yes
configure:19263: checking for sys/time.h
configure:19263: g++ -c -g -O2 -Wno-format-overflow -Wno-format-truncation -Wno-deprecated-declarations -fno-strict-aliasing  conftest.cpp >&5
configure:19263: $? = 0
configure:19263: result: yes
configure:19269: checking for sys/select.h
configure:19269: g++ -c -g -O2 -Wno-format-overflow -Wno-format-truncation -Wno-deprecated-declarations -fno-strict-aliasing  conftest.cpp >&5
configure:19269: $? = 0
configure:19269: result: yes
configure:19275: checking for stropts.h
configure:19275: g++ -c -g -O2 -Wno-format-overflow -Wno-format-truncation -Wno-deprecated-declarations -fno-strict-aliasing  conftest.cpp >&5
conftest.cpp:64:10: fatal error: stropts.h: No such file or directory
   64 | #include <stropts.h>
      |          ^~~~~~~~~~~
compilation terminated.
configure:19275: $? = 1
configure: failed program was:
| /* confdefs.h */
| #define PACKAGE_NAME "conquest"
| #define PACKAGE_TARNAME "conquest"
| #define PACKAGE_VERSION "9"
| #define PACKAGE_STRING "conquest 9"
| #define PACKAGE_BUGREPORT "jon@radscan.com"
| #define PACKAGE_URL ""
| #define LINUX 1
| #define PACKAGE "conquest"
| #define VERSION "9"
| #define HAVE_STDIO_H 1
| #define HAVE_STDLIB_H 1
| #define HAVE_STRING_H 1
| #define HAVE_INTTYPES_H 1
| #define HAVE_STDINT_H 1
| #define HAVE_STRINGS_H 1
| #define HAVE_SYS_STAT_H 1
| #define HAVE_SYS_TYPES_H 1
| #define HAVE_UNISTD_H 1
| #define STDC_HEADERS 1
| #define HAVE_DLFCN_H 1
| #define LT_OBJDIR ".libs/"
| #define YYTEXT_POINTER 1
| #define HAVE_LIBM 1
| #define HAVE_LIBZ 1
| #define HAVE_FCNTL_H 1
| #define HAVE_LIMITS_H 1
| #define HAVE_SYS_IOCTL_H 1
| #define HAVE_SYS_TIMES_H 1
| #define HAVE_TERMIO_H 1
| #define HAVE_UNISTD_H 1
| #define HAVE_NCURSES_H 1
| #define HAVE_SYS_TIME_H 1
| #define HAVE_SYS_SELECT_H 1
| /* end confdefs.h.  */
| #include <stddef.h>
| #ifdef HAVE_STDIO_H
| # include <stdio.h>
| #endif
| #ifdef HAVE_STDLIB_H
| # include <stdlib.h>
| #endif
| #ifdef HAVE_STRING_H
| # include <string.h>
| #endif
| #ifdef HAVE_INTTYPES_H
| # include <inttypes.h>
| #endif
| #ifdef HAVE_STDINT_H
| # include <stdint.h>
| #endif
| #ifdef HAVE_STRINGS_H
| # include <strings.h>
| #endif
| #ifdef HAVE_SYS_TYPES_H
| # include <sys/types.h>
| #endif
| #ifdef HAVE_SYS_STAT_H
| # include <sys/stat.h>
| #endif
| #ifdef HAVE_UNISTD_H
| # include <unistd.h>
| #endif
| #include <stropts.h>
configure:19275: result: no
configure:19281: checking for poll.h
configure:19281: g++ -c -g -O2 -Wno-format-overflow -Wno-format-truncation -Wno-deprecated-declarations -fno-strict-aliasing  conftest.cpp >&5
configure:19281: $? = 0
configure:19281: result: yes
configure:19288: checking for curses.h
configure:19288: g++ -c -g -O2 -Wno-format-overflow -Wno-format-truncation -Wno-deprecated-declarations -fno-strict-aliasing  conftest.cpp >&5
configure:19288: $? = 0
configure:19288: result: yes
configure:19294: checking for time.h
configure:19294: g++ -c -g -O2 -Wno-format-overflow -Wno-format-truncation -Wno-deprecated-declarations -fno-strict-aliasing  conftest.cpp >&5
configure:19294: $? = 0
configure:19294: result: yes
configure:19300: checking for string.h
configure:19300: result: yes
configure:19306: checking for strings.h
configure:19306: result: yes
configure:19312: checking for termios.h
configure:19312: g++ -c -g -O2 -Wno-format-overflow -Wno-format-truncation -Wno-deprecated-declarations -fno-strict-aliasing  conftest.cpp >&5
configure:19312: $? = 0
configure:19312: result: yes
configure:19318: checking for zlib.h
configure:19318: g++ -c -g -O2 -Wno-format-overflow -Wno-format-truncation -Wno-deprecated-declarations -fno-strict-aliasing  conftest.cpp >&5
configure:19318: $? = 0
configure:19318: result: yes
configure:19325: checking for stdint.h
configure:19325: result: yes
configure:19331: checking for dirent.h
configure:19331: g++ -c -g -O2 -Wno-format-overflow -Wno-format-truncation -Wno-deprecated-declarations -fno-strict-aliasing  conftest.cpp >&5
configure:19331: $? = 0
configure:19331: result: yes
configure:19337: checking for crypt.h
configure:19337: g++ -c -g -O2 -Wno-format-overflow -Wno-format-truncation -Wno-deprecated-declarations -fno-strict-aliasing  conftest.cpp >&5
configure:19337: $? = 0
configure:19337: result: yes
configure:19348: checking for GL/glut.h
configure:19348: g++ -c -g -O2 -Wno-format-overflow -Wno-format-truncation -Wno-deprecated-declarations -fno-strict-aliasing  conftest.cpp >&5
configure:19348: $? = 0
configure:19348: result: yes
configure:19348: checking for GL/gl.h
configure:19348: g++ -c -g -O2 -Wno-format-overflow -Wno-format-truncation -Wno-deprecated-declarations -fno-strict-aliasing  conftest.cpp >&5
configure:19348: $? = 0
configure:19348: result: yes
configure:19348: checking for GL/glu.h
configure:19348: g++ -c -g -O2 -Wno-format-overflow -Wno-format-truncation -Wno-deprecated-declarations -fno-strict-aliasing  conftest.cpp >&5
configure:19348: $? = 0
configure:19348: result: yes
configure:19363: checking for tcpd.h
configure:19363: g++ -c -g -O2 -Wno-format-overflow -Wno-format-truncation -Wno-deprecated-declarations -fno-strict-aliasing  conftest.cpp >&5
conftest.cpp:77:10: fatal error: tcpd.h: No such file or directory
   77 | #include <tcpd.h>
      |          ^~~~~~~~
compilation terminated.
configure:19363: $? = 1
configure: failed program was:
| /* confdefs.h */
| #define PACKAGE_NAME "conquest"
| #define PACKAGE_TARNAME "conquest"
| #define PACKAGE_VERSION "9"
| #define PACKAGE_STRING "conquest 9"
| #define PACKAGE_BUGREPORT "jon@radscan.com"
| #define PACKAGE_URL ""
| #define LINUX 1
| #define PACKAGE "conquest"
| #define VERSION "9"
| #define HAVE_STDIO_H 1
| #define HAVE_STDLIB_H 1
| #define HAVE_STRING_H 1
| #define HAVE_INTTYPES_H 1
| #define HAVE_STDINT_H 1
| #define HAVE_STRINGS_H 1
| #define HAVE_SYS_STAT_H 1
| #define HAVE_SYS_TYPES_H 1
| #define HAVE_UNISTD_H 1
| #define STDC_HEADERS 1
| #define HAVE_DLFCN_H 1
| #define LT_OBJDIR ".libs/"
| #define YYTEXT_POINTER 1
| #define HAVE_LIBM 1
| #define HAVE_LIBZ 1
| #define HAVE_FCNTL_H 1
| #define HAVE_LIMITS_H 1
| #define HAVE_SYS_IOCTL_H 1
| #define HAVE_SYS_TIMES_H 1
| #define HAVE_TERMIO_H 1
| #define HAVE_UNISTD_H 1
| #define HAVE_NCURSES_H 1
| #define HAVE_SYS_TIME_H 1
| #define HAVE_SYS_SELECT_H 1
| #define HAVE_POLL_H 1
| #define HAVE_CURSES_H 1
| #define HAVE_TIME_H 1
| #define HAVE_STRING_H 1
| #define HAVE_STRINGS_H 1
| #define HAVE_TERMIOS_H 1
| #define HAVE_ZLIB_H 1
| #define HAVE_STDINT_H 1
| #define HAVE_DIRENT_H 1
| #define HAVE_CRYPT_H 1
| #define HAVE_GL_GLUT_H 1
| #define HAVE_GL_GL_H 1
| #define HAVE_GL_GLU_H 1
| /* end confdefs.h.  */
| #include <stddef.h>
| #ifdef HAVE_STDIO_H
| # include <stdio.h>
| #endif
| #ifdef HAVE_STDLIB_H
| # include <stdlib.h>
| #endif
| #ifdef HAVE_STRING_H
| # include <string.h>
| #endif
| #ifdef HAVE_INTTYPES_H
| # include <inttypes.h>
| #endif
| #ifdef HAVE_STDINT_H
| # include <stdint.h>
| #endif
| #ifdef HAVE_STRINGS_H
| # include <strings.h>
| #endif
| #ifdef HAVE_SYS_TYPES_H
| # include <sys/types.h>
| #endif
| #ifdef HAVE_SYS_STAT_H
| # include <sys/stat.h>
| #endif
| #ifdef HAVE_UNISTD_H
| # include <unistd.h>
| #endif
| #include <tcpd.h>
configure:19363: result: no
configure:19375: checking for yp_get_default_domain in -lnsl
configure:19397: g++ -o conftest -g -O2 -Wno-format-overflow -Wno-format-truncation -Wno-deprecated-declarations -fno-strict-aliasing   conftest.cpp -lnsl  -lz -lcurses -lm  -lcrypt >&5
configure:19397: $? = 0
configure:19407: result: yes
configure:19417: checking for hosts_ctl in -lwrap
configure:19439: g++ -o conftest -g -O2 -Wno-format-overflow -Wno-format-truncation -Wno-deprecated-declarations -fno-strict-aliasing   conftest.cpp -lwrap  -lz -lcurses -lm  -lcrypt -lnsl >&5
/usr/bin/ld: cannot find -lwrap: No such file or directory
collect2: error: ld returned 1 exit status
configure:19439: $? = 1
configure: failed program was:
| /* confdefs.h */
| #define PACKAGE_NAME "conquest"
| #define PACKAGE_TARNAME "conquest"
| #define PACKAGE_VERSION "9"
| #define PACKAGE_STRING "conquest 9"
| #define PACKAGE_BUGREPORT "jon@radscan.com"
| #define PACKAGE_URL ""
| #define LINUX 1
| #define PACKAGE "conquest"
| #define VERSION "9"
| #define HAVE_STDIO_H 1
| #define HAVE_STDLIB_H 1
| #define HAVE_STRING_H 1
| #define HAVE_INTTYPES_H 1
| #define HAVE_STDINT_H 1
| #define HAVE_STRINGS_H 1
| #define HAVE_SYS_STAT_H 1
| #define HAVE_SYS_TYPES_H 1
| #define HAVE_UNISTD_H 1
| #define STDC_HEADERS 1
| #define HAVE_DLFCN_H 1
| #define LT_OBJDIR ".libs/"
| #define YYTEXT_POINTER 1
| #define HAVE_LIBM 1
| #define HAVE_LIBZ 1
| #define HAVE_FCNTL_H 1
| #define HAVE_LIMITS_H 1
| #define HAVE_SYS_IOCTL_H 1
| #define HAVE_SYS_TIMES_H 1
| #define HAVE_TERMIO_H 1
| #define HAVE_UNISTD_H 1
| #define HAVE_NCURSES_H 1
| #define HAVE_SYS_TIME_H 1
| #define HAVE_SYS_SELECT_H 1
| #define HAVE_POLL_H 1
| #define HAVE_CURSES_H 1
| #define HAVE_TIME_H 1
| #define HAVE_STRING_H 1
| #define HAVE_STRINGS_H 1
| #define HAVE_TERMIOS_H 1
| #define HAVE_ZLIB_H 1
| #define HAVE_STDINT_H 1
| #define HAVE_DIRENT_H 1
| #define HAVE_CRYPT_H 1
| #define HAVE_GL_GLUT_H 1
| #define HAVE_GL_GL_H 1
| #define HAVE_GL_GLU_H 1
| /* end confdefs.h.  */
| 
| namespace conftest {
|   extern "C" int hosts_ctl ();
| }
| int
| main (void)
| {
| return conftest::hosts_ctl ();
|   ;
|   return 0;
| }
configure:19449: result: no
configure:19466: checking for size_t
configure:19466: g++ -c -g -O2 -Wno-format-overflow -Wno-format-truncation -Wno-deprecated-declarations -fno-strict-aliasing  conftest.cpp >&5
configure:19466: $? = 0
configure:19466: g++ -c -g -O2 -Wno-format-overflow -Wno-format-truncation -Wno-deprecated-declarations -fno-strict-aliasing  conftest.cpp >&5
conftest.cpp: In function 'int main()':
conftest.cpp:80:20: error: expected primary-expression before ')' token
   80 | if (sizeof ((size_t)))
      |                    ^
configure:19466: $? = 1
configure: failed program was:
| /* confdefs.h */
| #define PACKAGE_NAME "conquest"
| #define PACKAGE_TARNAME "conquest"
| #define PACKAGE_VERSION "9"
| #define PACKAGE_STRING "conquest 9"
| #define PACKAGE_BUGREPORT "jon@radscan.com"
| #define PACKAGE_URL ""
| #define LINUX 1
| #define PACKAGE "conquest"
| #define VERSION "9"
| #define HAVE_STDIO_H 1
| #define HAVE_STDLIB_H 1
| #define HAVE_STRING_H 1
| #define HAVE_INTTYPES_H 1
| #define HAVE_STDINT_H 1
| #define HAVE_STRINGS_H 1
| #define HAVE_SYS_STAT_H 1
| #define HAVE_SYS_TYPES_H 1
| #define HAVE_UNISTD_H 1
| #define STDC_HEADERS 1
| #define HAVE_DLFCN_H 1
| #define LT_OBJDIR ".libs/"
| #define YYTEXT_POINTER 1
| #define HAVE_LIBM 1
| #define HAVE_LIBZ 1
| #define HAVE_FCNTL_H 1
| #define HAVE_LIMITS_H 1
| #define HAVE_SYS_IOCTL_H 1
| #define HAVE_SYS_TIMES_H 1
| #define HAVE_TERMIO_H 1
| #define HAVE_UNISTD_H 1
| #define HAVE_NCURSES_H 1
| #define HAVE_SYS_TIME_H 1
| #define HAVE_SYS_SELECT_H 1
| #define HAVE_POLL_H 1
| #define HAVE_CURSES_H 1
| #define HAVE_TIME_H 1
| #define HAVE_STRING_H 1
| #define HAVE_STRINGS_H 1
| #define HAVE_TERMIOS_H 1
| #define HAVE_ZLIB_H 1
| #define HAVE_STDINT_H 1
| #define HAVE_DIRENT_H 1
| #define HAVE_CRYPT_H 1
| #define HAVE_GL_GLUT_H 1
| #define HAVE_GL_GL_H 1
| #define HAVE_GL_GLU_H 1
| /* end confdefs.h.  */
| #include <stddef.h>
| #ifdef HAVE_STDIO_H
| # include <stdio.h>
| #endif
| #ifdef HAVE_STDLIB_H
| # include <stdlib.h>
| #endif
| #ifdef HAVE_STRING_H
| # include <string.h>
| #endif
| #ifdef HAVE_INTTYPES_H
| # include <inttypes.h>
| #endif
| #ifdef HAVE_STDINT_H
| # include <stdint.h>
| #endif
| #ifdef HAVE_STRINGS_H
| # include <strings.h>
| #endif
| #ifdef HAVE_SYS_TYPES_H
| # include <sys/types.h>
| #endif
| #ifdef HAVE_SYS_STAT_H
| # include <sys/stat.h>
| #endif
| #ifdef HAVE_UNISTD_H
| # include <unistd.h>
| #endif
| int
| main (void)
| {
| if (sizeof ((size_t)))
| 	    return 0;
|   ;
|   return 0;
| }
configure:19466: result: yes
configure:19480: checking for sys/time.h
configure:19480: result: yes
configure:19500: checking whether struct tm is in sys/time.h or time.h
configure:19521: g++ -c -g -O2 -Wno-format-overflow -Wno-format-truncation -Wno-deprecated-declarations -fno-strict-aliasing  conftest.cpp >&5
configure:19521: $? = 0
configure:19529: result: time.h
configure:19542: checking for vprintf
configure:19542: g++ -o conftest -g -O2 -Wno-format-overflow -Wno-format-truncation -Wno-deprecated-declarations -fno-strict-aliasing   conftest.cpp -lz -lcurses -lm  -lcrypt >&5
conftest.cpp:67:6: warning: declaration of 'char vprintf()' conflicts with built-in declaration 'int vprintf(const char*, __va_list_tag*)' [-Wbuiltin-declaration-mismatch]
   67 | char vprintf ();
      |      ^~~~~~~
configure:19542: $? = 0
configure:19542: result: yes
configure:19563: checking for select
configure:19563: g++ -o conftest -g -O2 -Wno-format-overflow -Wno-format-truncation -Wno-deprecated-declarations -fno-strict-aliasing   conftest.cpp -lz -lcurses -lm  -lcrypt >&5
configure:19563: $? = 0
configure:19563: result: yes
configure:19569: checking for strstr
configure:19569: g++ -o conftest -g -O2 -Wno-format-overflow -Wno-format-truncation -Wno-deprecated-declarations -fno-strict-aliasing   conftest.cpp -lz -lcurses -lm  -lcrypt >&5
conftest.cpp:69:6: warning: declaration of 'char strstr()' conflicts with built-in declaration 'char* strstr(const char*, const char*)' [-Wbuiltin-declaration-mismatch]
   69 | char strstr ();
      |      ^~~~~~
configure:19569: $? = 0
configure:19569: result: yes
configure:19575: checking for fileno
configure:19575: g++ -o conftest -g -O2 -Wno-format-overflow -Wno-format-truncation -Wno-deprecated-declarations -fno-strict-aliasing   conftest.cpp -lz -lcurses -lm  -lcrypt >&5
configure:19575: $? = 0
configure:19575: result: yes
configure:19581: checking for setpgrp
configure:19581: g++ -o conftest -g -O2 -Wno-format-overflow -Wno-format-truncation -Wno-deprecated-declarations -fno-strict-aliasing   conftest.cpp -lz -lcurses -lm  -lcrypt >&5
configure:19581: $? = 0
configure:19581: result: yes
configure:19587: checking for daemon
configure:19587: g++ -o conftest -g -O2 -Wno-format-overflow -Wno-format-truncation -Wno-deprecated-declarations -fno-strict-aliasing   conftest.cpp -lz -lcurses -lm  -lcrypt >&5
configure:19587: $? = 0
configure:19587: result: yes
configure:19594: checking for getmsg
configure:19594: g++ -o conftest -g -O2 -Wno-format-overflow -Wno-format-truncation -Wno-deprecated-declarations -fno-strict-aliasing   conftest.cpp -lz -lcurses -lm  -lcrypt >&5
/usr/bin/ld: /tmp/ccLZk9DQ.o: in function `main':
/home/marisag/Documents/MySnaps/conquest/Conquest/conftest.cpp:84: undefined reference to `getmsg'
collect2: error: ld returned 1 exit status
configure:19594: $? = 1
configure: failed program was:
| /* confdefs.h */
| #define PACKAGE_NAME "conquest"
| #define PACKAGE_TARNAME "conquest"
| #define PACKAGE_VERSION "9"
| #define PACKAGE_STRING "conquest 9"
| #define PACKAGE_BUGREPORT "jon@radscan.com"
| #define PACKAGE_URL ""
| #define LINUX 1
| #define PACKAGE "conquest"
| #define VERSION "9"
| #define HAVE_STDIO_H 1
| #define HAVE_STDLIB_H 1
| #define HAVE_STRING_H 1
| #define HAVE_INTTYPES_H 1
| #define HAVE_STDINT_H 1
| #define HAVE_STRINGS_H 1
| #define HAVE_SYS_STAT_H 1
| #define HAVE_SYS_TYPES_H 1
| #define HAVE_UNISTD_H 1
| #define STDC_HEADERS 1
| #define HAVE_DLFCN_H 1
| #define LT_OBJDIR ".libs/"
| #define YYTEXT_POINTER 1
| #define HAVE_LIBM 1
| #define HAVE_LIBZ 1
| #define HAVE_FCNTL_H 1
| #define HAVE_LIMITS_H 1
| #define HAVE_SYS_IOCTL_H 1
| #define HAVE_SYS_TIMES_H 1
| #define HAVE_TERMIO_H 1
| #define HAVE_UNISTD_H 1
| #define HAVE_NCURSES_H 1
| #define HAVE_SYS_TIME_H 1
| #define HAVE_SYS_SELECT_H 1
| #define HAVE_POLL_H 1
| #define HAVE_CURSES_H 1
| #define HAVE_TIME_H 1
| #define HAVE_STRING_H 1
| #define HAVE_STRINGS_H 1
| #define HAVE_TERMIOS_H 1
| #define HAVE_ZLIB_H 1
| #define HAVE_STDINT_H 1
| #define HAVE_DIRENT_H 1
| #define HAVE_CRYPT_H 1
| #define HAVE_GL_GLUT_H 1
| #define HAVE_GL_GL_H 1
| #define HAVE_GL_GLU_H 1
| #define HAVE_SYS_TIME_H 1
| #define TIME_WITH_SYS_TIME 1
| #define HAVE_VPRINTF 1
| #define HAVE_SELECT 1
| #define HAVE_STRSTR 1
| #define HAVE_FILENO 1
| #define HAVE_SETPGRP 1
| #define HAVE_DAEMON 1
| /* end confdefs.h.  */
| /* Define getmsg to an innocuous variant, in case <limits.h> declares getmsg.
|    For example, HP-UX 11i <limits.h> declares gettimeofday.  */
| #define getmsg innocuous_getmsg
| 
| /* System header to define __stub macros and hopefully few prototypes,
|    which can conflict with char getmsg (); below.  */
| 
| #include <limits.h>
| #undef getmsg
| 
| /* Override any GCC internal prototype to avoid an error.
|    Use char because int might match the return type of a GCC
|    builtin and then its argument prototype would still apply.  */
| #ifdef __cplusplus
| extern "C"
| #endif
| char getmsg ();
| /* The GNU C library defines this for functions which it implements
|     to always fail with ENOSYS.  Some functions are actually named
|     something starting with __ and the normal name is an alias.  */
| #if defined __stub_getmsg || defined __stub___getmsg
| choke me
| #endif
| 
| int
| main (void)
| {
| return getmsg ();
|   ;
|   return 0;
| }
configure:19594: result: no
configure:19600: checking for poll
configure:19600: g++ -o conftest -g -O2 -Wno-format-overflow -Wno-format-truncation -Wno-deprecated-declarations -fno-strict-aliasing   conftest.cpp -lz -lcurses -lm  -lcrypt >&5
configure:19600: $? = 0
configure:19600: result: yes
configure:19606: checking for setitimer
configure:19606: g++ -o conftest -g -O2 -Wno-format-overflow -Wno-format-truncation -Wno-deprecated-declarations -fno-strict-aliasing   conftest.cpp -lz -lcurses -lm  -lcrypt >&5
configure:19606: $? = 0
configure:19606: result: yes
configure:19612: checking for strerror
configure:19612: g++ -o conftest -g -O2 -Wno-format-overflow -Wno-format-truncation -Wno-deprecated-declarations -fno-strict-aliasing   conftest.cpp -lz -lcurses -lm  -lcrypt >&5
configure:19612: $? = 0
configure:19612: result: yes
configure:19622: checking whether setpgrp requires zero arguments
configure:19640: g++ -c -g -O2 -Wno-format-overflow -Wno-format-truncation -Wno-deprecated-declarations -fno-strict-aliasing  conftest.cpp >&5
conftest.cpp: In function 'int main()':
conftest.cpp:91:8: error: too many arguments to function 'int setpgrp()'
   91 | setpgrp(0, 0);
      | ~~~~~~~^~~~~~
In file included from conftest.cpp:86:
/usr/include/unistd.h:682:12: note: declared here
  682 | extern int setpgrp (void) __THROW;
      |            ^~~~~~~
configure:19640: $? = 1
configure: failed program was:
| /* confdefs.h */
| #define PACKAGE_NAME "conquest"
| #define PACKAGE_TARNAME "conquest"
| #define PACKAGE_VERSION "9"
| #define PACKAGE_STRING "conquest 9"
| #define PACKAGE_BUGREPORT "jon@radscan.com"
| #define PACKAGE_URL ""
| #define LINUX 1
| #define PACKAGE "conquest"
| #define VERSION "9"
| #define HAVE_STDIO_H 1
| #define HAVE_STDLIB_H 1
| #define HAVE_STRING_H 1
| #define HAVE_INTTYPES_H 1
| #define HAVE_STDINT_H 1
| #define HAVE_STRINGS_H 1
| #define HAVE_SYS_STAT_H 1
| #define HAVE_SYS_TYPES_H 1
| #define HAVE_UNISTD_H 1
| #define STDC_HEADERS 1
| #define HAVE_DLFCN_H 1
| #define LT_OBJDIR ".libs/"
| #define YYTEXT_POINTER 1
| #define HAVE_LIBM 1
| #define HAVE_LIBZ 1
| #define HAVE_FCNTL_H 1
| #define HAVE_LIMITS_H 1
| #define HAVE_SYS_IOCTL_H 1
| #define HAVE_SYS_TIMES_H 1
| #define HAVE_TERMIO_H 1
| #define HAVE_UNISTD_H 1
| #define HAVE_NCURSES_H 1
| #define HAVE_SYS_TIME_H 1
| #define HAVE_SYS_SELECT_H 1
| #define HAVE_POLL_H 1
| #define HAVE_CURSES_H 1
| #define HAVE_TIME_H 1
| #define HAVE_STRING_H 1
| #define HAVE_STRINGS_H 1
| #define HAVE_TERMIOS_H 1
| #define HAVE_ZLIB_H 1
| #define HAVE_STDINT_H 1
| #define HAVE_DIRENT_H 1
| #define HAVE_CRYPT_H 1
| #define HAVE_GL_GLUT_H 1
| #define HAVE_GL_GL_H 1
| #define HAVE_GL_GLU_H 1
| #define HAVE_SYS_TIME_H 1
| #define TIME_WITH_SYS_TIME 1
| #define HAVE_VPRINTF 1
| #define HAVE_SELECT 1
| #define HAVE_STRSTR 1
| #define HAVE_FILENO 1
| #define HAVE_SETPGRP 1
| #define HAVE_DAEMON 1
| #define HAVE_POLL 1
| #define HAVE_SETITIMER 1
| #define HAVE_STRERROR 1
| /* end confdefs.h.  */
| #include <stddef.h>
| #ifdef HAVE_STDIO_H
| # include <stdio.h>
| #endif
| #ifdef HAVE_STDLIB_H
| # include <stdlib.h>
| #endif
| #ifdef HAVE_STRING_H
| # include <string.h>
| #endif
| #ifdef HAVE_INTTYPES_H
| # include <inttypes.h>
| #endif
| #ifdef HAVE_STDINT_H
| # include <stdint.h>
| #endif
| #ifdef HAVE_STRINGS_H
| # include <strings.h>
| #endif
| #ifdef HAVE_SYS_TYPES_H
| # include <sys/types.h>
| #endif
| #ifdef HAVE_SYS_STAT_H
| # include <sys/stat.h>
| #endif
| #ifdef HAVE_UNISTD_H
| # include <unistd.h>
| #endif
| int
| main (void)
| {
| setpgrp(0, 0);
|   ;
|   return 0;
| }
configure:19649: result: yes
configure:19723: checking for pkg-config
configure:19746: found /usr/bin/pkg-config
configure:19758: result: /usr/bin/pkg-config
configure:19783: checking pkg-config is at least version 0.9.0
configure:19786: result: yes
configure:19836: checking for sdl2 >= 2.0.0
configure:19843: $PKG_CONFIG --exists --print-errors "sdl2 >= $min_sdl_version"
configure:19846: $? = 0
configure:19860: $PKG_CONFIG --exists --print-errors "sdl2 >= $min_sdl_version"
configure:19863: $? = 0
configure:19901: result: yes
configure:20164: checking for Mix_OpenAudio in -lSDL2_mixer
configure:20186: g++ -o conftest -g -O2 -Wno-format-overflow -Wno-format-truncation -Wno-deprecated-declarations -fno-strict-aliasing   conftest.cpp -lSDL2_mixer  -lz -lcurses -lm  -lcrypt >&5
configure:20186: $? = 0
configure:20196: result: yes
configure:20346: checking that generated files are newer than configure
configure:20352: result: done
configure:20399: creating ./config.status

## ---------------------- ##
## Running config.status. ##
## ---------------------- ##

This file was extended by conquest config.status 9, which was
generated by GNU Autoconf 2.71.  Invocation command line was

  CONFIG_FILES    = 
  CONFIG_HEADERS  = 
  CONFIG_LINKS    = 
  CONFIG_COMMANDS = 
  $ ./config.status 

on MundoSangre

config.status:1216: creating Makefile
config.status:1216: creating src/Makefile
config.status:1216: creating src/fmt/Makefile
config.status:1216: creating src/config.h
config.status:1397: src/config.h is unchanged
config.status:1445: executing depfiles commands
config.status:1522: cd src       && sed -e '/# am--include-marker/d' Makefile         | make -f - am--depfiles
make: Nothing to be done for 'am--depfiles'.
config.status:1527: $? = 0
config.status:1522: cd src/fmt       && sed -e '/# am--include-marker/d' Makefile         | make -f - am--depfiles
make: Nothing to be done for 'am--depfiles'.
config.status:1527: $? = 0
config.status:1445: executing libtool commands

## ---------------- ##
## Cache variables. ##
## ---------------- ##

ac_cv_build=x86_64-pc-linux-gnu
ac_cv_c_compiler_gnu=yes
ac_cv_cxx_compiler_gnu=yes
ac_cv_env_CCC_set=
ac_cv_env_CCC_value=
ac_cv_env_CC_set=
ac_cv_env_CC_value=
ac_cv_env_CFLAGS_set=
ac_cv_env_CFLAGS_value=
ac_cv_env_CPPFLAGS_set=
ac_cv_env_CPPFLAGS_value=
ac_cv_env_CXXCPP_set=
ac_cv_env_CXXCPP_value=
ac_cv_env_CXXFLAGS_set=
ac_cv_env_CXXFLAGS_value=
ac_cv_env_CXX_set=
ac_cv_env_CXX_value=
ac_cv_env_LDFLAGS_set=
ac_cv_env_LDFLAGS_value=
ac_cv_env_LIBS_set=
ac_cv_env_LIBS_value=
ac_cv_env_LT_SYS_LIBRARY_PATH_set=
ac_cv_env_LT_SYS_LIBRARY_PATH_value=
ac_cv_env_PKG_CONFIG_LIBDIR_set=
ac_cv_env_PKG_CONFIG_LIBDIR_value=
ac_cv_env_PKG_CONFIG_PATH_set=
ac_cv_env_PKG_CONFIG_PATH_value=
ac_cv_env_PKG_CONFIG_set=
ac_cv_env_PKG_CONFIG_value=
ac_cv_env_SDL2_FRAMEWORK_set=
ac_cv_env_SDL2_FRAMEWORK_value=
ac_cv_env_SDL_CFLAGS_set=
ac_cv_env_SDL_CFLAGS_value=
ac_cv_env_SDL_LIBS_set=
ac_cv_env_SDL_LIBS_value=
ac_cv_env_XMKMF_set=
ac_cv_env_XMKMF_value=
ac_cv_env_YACC_set=
ac_cv_env_YACC_value=
ac_cv_env_YFLAGS_set=
ac_cv_env_YFLAGS_value=
ac_cv_env_build_alias_set=
ac_cv_env_build_alias_value=
ac_cv_env_host_alias_set=
ac_cv_env_host_alias_value=
ac_cv_env_target_alias_set=
ac_cv_env_target_alias_value=
ac_cv_func_connect=yes
ac_cv_func_daemon=yes
ac_cv_func_fileno=yes
ac_cv_func_gethostbyname=yes
ac_cv_func_getmsg=no
ac_cv_func_poll=yes
ac_cv_func_remove=yes
ac_cv_func_select=yes
ac_cv_func_setitimer=yes
ac_cv_func_setpgrp=yes
ac_cv_func_setpgrp_void=yes
ac_cv_func_shmat=yes
ac_cv_func_strerror=yes
ac_cv_func_strstr=yes
ac_cv_func_vprintf=yes
ac_cv_have_x='have_x=yes	ac_x_includes='\'''\''	ac_x_libraries='\'''\'''
ac_cv_header_GL_gl_h=yes
ac_cv_header_GL_glu_h=yes
ac_cv_header_GL_glut_h=yes
ac_cv_header_crypt_h=yes
ac_cv_header_curses_h=yes
ac_cv_header_dirent_h=yes
ac_cv_header_dlfcn_h=yes
ac_cv_header_fcntl_h=yes
ac_cv_header_inttypes_h=yes
ac_cv_header_limits_h=yes
ac_cv_header_ncurses_h=yes
ac_cv_header_poll_h=yes
ac_cv_header_stdint_h=yes
ac_cv_header_stdio_h=yes
ac_cv_header_stdlib_h=yes
ac_cv_header_string_h=yes
ac_cv_header_strings_h=yes
ac_cv_header_stropts_h=no
ac_cv_header_sys_ioctl_h=yes
ac_cv_header_sys_select_h=yes
ac_cv_header_sys_stat_h=yes
ac_cv_header_sys_time_h=yes
ac_cv_header_sys_times_h=yes
ac_cv_header_sys_types_h=yes
ac_cv_header_tcpd_h=no
ac_cv_header_termio_h=yes
ac_cv_header_termios_h=yes
ac_cv_header_time_h=yes
ac_cv_header_unistd_h=yes
ac_cv_header_zlib_h=yes
ac_cv_host=x86_64-pc-linux-gnu
ac_cv_lib_ICE_IceConnectionNumber=yes
ac_cv_lib_SDL2_mixer_Mix_OpenAudio=yes
ac_cv_lib_crypt_crypt=yes
ac_cv_lib_curses_initscr=yes
ac_cv_lib_gen_crypt=no
ac_cv_lib_lex='none needed'
ac_cv_lib_m_main=yes
ac_cv_lib_nsl_yp_get_default_domain=yes
ac_cv_lib_wrap_hosts_ctl=no
ac_cv_lib_z_gzread=yes
ac_cv_objext=o
ac_cv_path_EGREP='/usr/bin/grep -E'
ac_cv_path_FGREP='/usr/bin/grep -F'
ac_cv_path_GREP=/usr/bin/grep
ac_cv_path_SED=/usr/bin/sed
ac_cv_path_ac_pt_PKG_CONFIG=/usr/bin/pkg-config
ac_cv_path_install='/usr/bin/install -c'
ac_cv_path_lt_DD=/usr/bin/dd
ac_cv_path_mkdir=/usr/bin/mkdir
ac_cv_prog_AWK=mawk
ac_cv_prog_CXXCPP='g++ -E'
ac_cv_prog_LEX=flex
ac_cv_prog_YACC='bison -y'
ac_cv_prog_ac_ct_AR=ar
ac_cv_prog_ac_ct_CC=gcc
ac_cv_prog_ac_ct_CXX=g++
ac_cv_prog_ac_ct_MANIFEST_TOOL=mt
ac_cv_prog_ac_ct_OBJDUMP=objdump
ac_cv_prog_ac_ct_RANLIB=ranlib
ac_cv_prog_ac_ct_STRIP=strip
ac_cv_prog_cc_c11=
ac_cv_prog_cc_g=yes
ac_cv_prog_cc_stdc=
ac_cv_prog_cxx_11=no
ac_cv_prog_cxx_cxx11=
ac_cv_prog_cxx_g=yes
ac_cv_prog_cxx_stdcxx=
ac_cv_prog_lex_root=lex.yy
ac_cv_prog_lex_yytext_pointer=yes
ac_cv_prog_make_make_set=yes
ac_cv_search_yywrap=-ll
ac_cv_struct_tm=time.h
ac_cv_target=x86_64-pc-linux-gnu
ac_cv_type_size_t=yes
am_cv_CC_dependencies_compiler_type=gcc3
am_cv_CXX_dependencies_compiler_type=gcc3
am_cv_make_support_nested_variables=yes
am_cv_prog_cc_c_o=yes
lt_cv_ar_at_file=@
lt_cv_deplibs_check_method=pass_all
lt_cv_file_magic_cmd='$MAGIC_CMD'
lt_cv_file_magic_test_file=
lt_cv_ld_reload_flag=-r
lt_cv_nm_interface='BSD nm'
lt_cv_objdir=.libs
lt_cv_path_LD=/usr/bin/ld
lt_cv_path_LDCXX='/usr/bin/ld -m elf_x86_64'
lt_cv_path_NM='/usr/bin/nm -B'
lt_cv_path_mainfest_tool=no
lt_cv_prog_compiler_c_o=yes
lt_cv_prog_compiler_c_o_CXX=yes
lt_cv_prog_compiler_pic='-fPIC -DPIC'
lt_cv_prog_compiler_pic_CXX='-fPIC -DPIC'
lt_cv_prog_compiler_pic_works=yes
lt_cv_prog_compiler_pic_works_CXX=yes
lt_cv_prog_compiler_rtti_exceptions=no
lt_cv_prog_compiler_static_works=yes
lt_cv_prog_compiler_static_works_CXX=yes
lt_cv_prog_gnu_ld=yes
lt_cv_prog_gnu_ldcxx=yes
lt_cv_sharedlib_from_linklib_cmd='printf %s\n'
lt_cv_shlibpath_overrides_runpath=yes
lt_cv_sys_global_symbol_pipe='sed -n -e '\''s/^.*[	 ]\([ABCDGIRSTW][ABCDGIRSTW]*\)[	 ][	 ]*\([_A-Za-z][_A-Za-z0-9]*\)$/\1 \2 \2/p'\'' | sed '\''/ __gnu_lto/d'\'''
lt_cv_sys_global_symbol_to_c_name_address='sed -n -e '\''s/^: \(.*\) .*$/  {"\1", (void *) 0},/p'\'' -e '\''s/^[ABCDGIRSTW][ABCDGIRSTW]* .* \(.*\)$/  {"\1", (void *) \&\1},/p'\'''
lt_cv_sys_global_symbol_to_c_name_address_lib_prefix='sed -n -e '\''s/^: \(.*\) .*$/  {"\1", (void *) 0},/p'\'' -e '\''s/^[ABCDGIRSTW][ABCDGIRSTW]* .* \(lib.*\)$/  {"\1", (void *) \&\1},/p'\'' -e '\''s/^[ABCDGIRSTW][ABCDGIRSTW]* .* \(.*\)$/  {"lib\1", (void *) \&\1},/p'\'''
lt_cv_sys_global_symbol_to_cdecl='sed -n -e '\''s/^T .* \(.*\)$/extern int \1();/p'\'' -e '\''s/^[ABCDGIRSTW][ABCDGIRSTW]* .* \(.*\)$/extern char \1;/p'\'''
lt_cv_sys_global_symbol_to_import=
lt_cv_sys_max_cmd_len=1572864
lt_cv_to_host_file_cmd=func_convert_file_noop
lt_cv_to_tool_file_cmd=func_convert_file_noop
lt_cv_truncate_bin='/usr/bin/dd bs=4096 count=1'
pkg_cv_SDL_CFLAGS='-D_REENTRANT -I/usr/include/SDL2'
pkg_cv_SDL_LIBS=-lSDL2

## ----------------- ##
## Output variables. ##
## ----------------- ##

ACLOCAL='${SHELL} '\''/home/marisag/Documents/MySnaps/conquest/Conquest/missing'\'' aclocal-1.16'
AMDEPBACKSLASH='\'
AMDEP_FALSE='#'
AMDEP_TRUE=''
AMTAR='$${TAR-tar}'
AM_BACKSLASH='\'
AM_DEFAULT_V='$(AM_DEFAULT_VERBOSITY)'
AM_DEFAULT_VERBOSITY='1'
AM_V='$(V)'
AR='ar'
AUTOCONF='${SHELL} '\''/home/marisag/Documents/MySnaps/conquest/Conquest/missing'\'' autoconf'
AUTOHEADER='${SHELL} '\''/home/marisag/Documents/MySnaps/conquest/Conquest/missing'\'' autoheader'
AUTOMAKE='${SHELL} '\''/home/marisag/Documents/MySnaps/conquest/Conquest/missing'\'' automake-1.16'
AWK='mawk'
CC='gcc'
CCDEPMODE='depmode=gcc3'
CFLAGS='-g -O2'
CONQGROUP='conquest'
CONQ_CFLAGS='-g -O2 -Wno-format-overflow -Wno-format-truncation -Wno-deprecated-declarations -fno-strict-aliasing -std=c++11 -DNDEBUG -DHAVE_SDL=1 -D_REENTRANT -I/usr/include/SDL2 -DHAVE_SDL_MIXER=1'
CPPFLAGS=''
CSCOPE='cscope'
CTAGS='ctags'
CXX='g++'
CXXCPP='g++ -E'
CXXDEPMODE='depmode=gcc3'
CXXFLAGS='-g -O2 -Wno-format-overflow -Wno-format-truncation -Wno-deprecated-declarations -fno-strict-aliasing'
CYGPATH_W='echo'
DEFS='-DHAVE_CONFIG_H'
DEPDIR='.deps'
DLLTOOL='false'
DSYMUTIL=''
DUMPBIN=''
ECHO_C=''
ECHO_N='-n'
ECHO_T=''
EGREP='/usr/bin/grep -E'
ETAGS='etags'
EXEEXT=''
FGREP='/usr/bin/grep -F'
GLCLIENT_FALSE='#'
GLCLIENT_TRUE=''
GREP='/usr/bin/grep'
INSTALL_DATA='${INSTALL} -m 644'
INSTALL_PROGRAM='${INSTALL}'
INSTALL_SCRIPT='${INSTALL}'
INSTALL_STRIP_PROGRAM='$(install_sh) -c -s'
ISMINGW_FALSE=''
ISMINGW_TRUE='#'
LD='/usr/bin/ld -m elf_x86_64'
LDFLAGS=''
LEX='flex'
LEXLIB='-ll '
LEX_OUTPUT_ROOT='lex.yy'
LIBOBJS=''
LIBS='-lSDL2_mixer -lz -lcurses -lm  -lcrypt'
LIBTOOL='$(SHELL) $(top_builddir)/libtool'
LIPO=''
LN_S='ln -s'
LTLIBOBJS=''
LT_SYS_LIBRARY_PATH=''
MAKEINFO='${SHELL} '\''/home/marisag/Documents/MySnaps/conquest/Conquest/missing'\'' makeinfo'
MANIFEST_TOOL=':'
MKDIR_P='/usr/bin/mkdir -p'
NM='/usr/bin/nm -B'
NMEDIT=''
NSLLIB='-lnsl'
OBJDUMP='objdump'
OBJEXT='o'
OTOOL64=''
OTOOL=''
PACKAGE='conquest'
PACKAGE_BUGREPORT='jon@radscan.com'
PACKAGE_NAME='conquest'
PACKAGE_STRING='conquest 9'
PACKAGE_TARNAME='conquest'
PACKAGE_URL=''
PACKAGE_VERSION='9'
PATH_SEPARATOR=':'
PKG_CONFIG='/usr/bin/pkg-config'
PKG_CONFIG_LIBDIR=''
PKG_CONFIG_PATH=''
RANLIB='ranlib'
SDL2_CONFIG='pkg-config sdl2'
SDL2_FRAMEWORK=''
SDL_CFLAGS='-D_REENTRANT -I/usr/include/SDL2'
SDL_LIBS='-lSDL2'
SED='/usr/bin/sed'
SET_MAKE=''
SHELL='/bin/bash'
SNDCLIENT_FALSE='#'
SNDCLIENT_TRUE=''
STRIP='strip'
TCPWLIB=''
TCPW_FALSE=''
TCPW_TRUE='#'
VERSION='9'
XMKMF=''
X_CFLAGS=''
X_EXTRA_LIBS=''
X_LIBS=''
X_PRE_LIBS=' -lSM -lICE'
YACC='bison -y'
YFLAGS=''
ac_ct_AR='ar'
ac_ct_CC='gcc'
ac_ct_CXX='g++'
ac_ct_DUMPBIN=''
am__EXEEXT_FALSE=''
am__EXEEXT_TRUE='#'
am__fastdepCC_FALSE='#'
am__fastdepCC_TRUE=''
am__fastdepCXX_FALSE='#'
am__fastdepCXX_TRUE=''
am__include='include'
am__isrc=''
am__leading_dot='.'
am__nodep='_no'
am__quote=''
am__tar='$${TAR-tar} chof - "$$tardir"'
am__untar='$${TAR-tar} xf -'
bindir='${exec_prefix}/bin'
build='x86_64-pc-linux-gnu'
build_alias=''
build_cpu='x86_64'
build_os='linux-gnu'
build_vendor='pc'
datadir='${datarootdir}'
datarootdir='${prefix}/share'
docdir='${datarootdir}/doc/${PACKAGE_TARNAME}'
dvidir='${docdir}'
exec_prefix='${prefix}'
host='x86_64-pc-linux-gnu'
host_alias=''
host_cpu='x86_64'
host_os='linux-gnu'
host_vendor='pc'
htmldir='${docdir}'
includedir='${prefix}/include'
infodir='${datarootdir}/info'
install_sh='${SHELL} /home/marisag/Documents/MySnaps/conquest/Conquest/install-sh'
libdir='${exec_prefix}/lib'
libexecdir='${exec_prefix}/libexec'
localedir='${datarootdir}/locale'
localstatedir='${prefix}/var'
mandir='${datarootdir}/man'
mkdir_p='$(MKDIR_P)'
oldincludedir='/usr/include'
pdfdir='${docdir}'
prefix='/conquest'
program_transform_name='s,x,x,'
psdir='${docdir}'
runstatedir='${localstatedir}/run'
sbindir='${exec_prefix}/sbin'
sharedstatedir='${prefix}/com'
sysconfdir='${prefix}/etc'
target='x86_64-pc-linux-gnu'
target_alias=''
target_cpu='x86_64'
target_os='linux-gnu'
target_vendor='pc'

## ----------- ##
## confdefs.h. ##
## ----------- ##

/* confdefs.h */
#define PACKAGE_NAME "conquest"
#define PACKAGE_TARNAME "conquest"
#define PACKAGE_VERSION "9"
#define PACKAGE_STRING "conquest 9"
#define PACKAGE_BUGREPORT "jon@radscan.com"
#define PACKAGE_URL ""
#define LINUX 1
#define PACKAGE "conquest"
#define VERSION "9"
#define HAVE_STDIO_H 1
#define HAVE_STDLIB_H 1
#define HAVE_STRING_H 1
#define HAVE_INTTYPES_H 1
#define HAVE_STDINT_H 1
#define HAVE_STRINGS_H 1
#define HAVE_SYS_STAT_H 1
#define HAVE_SYS_TYPES_H 1
#define HAVE_UNISTD_H 1
#define STDC_HEADERS 1
#define HAVE_DLFCN_H 1
#define LT_OBJDIR ".libs/"
#define YYTEXT_POINTER 1
#define HAVE_LIBM 1
#define HAVE_LIBZ 1
#define HAVE_FCNTL_H 1
#define HAVE_LIMITS_H 1
#define HAVE_SYS_IOCTL_H 1
#define HAVE_SYS_TIMES_H 1
#define HAVE_TERMIO_H 1
#define HAVE_UNISTD_H 1
#define HAVE_NCURSES_H 1
#define HAVE_SYS_TIME_H 1
#define HAVE_SYS_SELECT_H 1
#define HAVE_POLL_H 1
#define HAVE_CURSES_H 1
#define HAVE_TIME_H 1
#define HAVE_STRING_H 1
#define HAVE_STRINGS_H 1
#define HAVE_TERMIOS_H 1
#define HAVE_ZLIB_H 1
#define HAVE_STDINT_H 1
#define HAVE_DIRENT_H 1
#define HAVE_CRYPT_H 1
#define HAVE_GL_GLUT_H 1
#define HAVE_GL_GL_H 1
#define HAVE_GL_GLU_H 1
#define HAVE_SYS_TIME_H 1
#define TIME_WITH_SYS_TIME 1
#define HAVE_VPRINTF 1
#define HAVE_SELECT 1
#define HAVE_STRSTR 1
#define HAVE_FILENO 1
#define HAVE_SETPGRP 1
#define HAVE_DAEMON 1
#define HAVE_POLL 1
#define HAVE_SETITIMER 1
#define HAVE_STRERROR 1
#define SETPGRP_VOID 1

configure: exit 0
